0 info it worked if it ends with ok
1 verbose cli [ '/usr/bin/nodejs',
1 verbose cli   '/usr/bin/npm',
1 verbose cli   'install',
1 verbose cli   '--save',
1 verbose cli   '-',
1 verbose cli   'dev',
1 verbose cli   'mocha',
1 verbose cli   'chai',
1 verbose cli   'supertest' ]
2 info using npm@3.5.2
3 info using node@v4.2.6
4 silly loadCurrentTree Starting
5 silly install loadCurrentTree
6 silly install readLocalPackageData
7 silly fetchPackageMetaData -
8 silly fetchPackageMetaData dev
9 silly fetchPackageMetaData mocha
10 silly fetchPackageMetaData chai
11 silly fetchPackageMetaData supertest
12 silly fetchOtherPackageData -
13 silly cache add args [ '-', null ]
14 verbose cache add spec -
15 silly fetchNamedPackageData dev
16 silly mapToRegistry name dev
17 silly mapToRegistry using default registry
18 silly mapToRegistry registry https://registry.npmjs.org/
19 silly mapToRegistry uri https://registry.npmjs.org/dev
20 silly fetchNamedPackageData mocha
21 silly mapToRegistry name mocha
22 silly mapToRegistry using default registry
23 silly mapToRegistry registry https://registry.npmjs.org/
24 silly mapToRegistry uri https://registry.npmjs.org/mocha
25 silly fetchNamedPackageData chai
26 silly mapToRegistry name chai
27 silly mapToRegistry using default registry
28 silly mapToRegistry registry https://registry.npmjs.org/
29 silly mapToRegistry uri https://registry.npmjs.org/chai
30 silly fetchNamedPackageData supertest
31 silly mapToRegistry name supertest
32 silly mapToRegistry using default registry
33 silly mapToRegistry registry https://registry.npmjs.org/
34 silly mapToRegistry uri https://registry.npmjs.org/supertest
35 silly cache add parsed spec Result {
35 silly cache add   raw: '-',
35 silly cache add   scope: null,
35 silly cache add   name: null,
35 silly cache add   rawSpec: '-',
35 silly cache add   spec: '/var/www/socialcops/-',
35 silly cache add   type: 'local' }
36 error addLocal Could not install /var/www/socialcops/-
37 silly fetchPackageMetaData Error: ENOENT: no such file or directory, open '/var/www/socialcops/-'
37 silly fetchPackageMetaData     at Error (native)
37 silly fetchPackageMetaData  error for - { [Error: ENOENT: no such file or directory, open '/var/www/socialcops/-']
37 silly fetchPackageMetaData   errno: -2,
37 silly fetchPackageMetaData   code: 'ENOENT',
37 silly fetchPackageMetaData   syscall: 'open',
37 silly fetchPackageMetaData   path: '/var/www/socialcops/-' }
38 verbose request uri https://registry.npmjs.org/dev
39 verbose request no auth needed
40 info attempt registry request try #1 at 2:58:34 AM
41 verbose request id 36983d897ad13c07
42 verbose etag "5aabe7e0-2357"
43 verbose lastModified Fri, 16 Mar 2018 15:50:56 GMT
44 http request GET https://registry.npmjs.org/dev
45 verbose request uri https://registry.npmjs.org/chai
46 verbose request no auth needed
47 info attempt registry request try #1 at 2:58:34 AM
48 verbose etag "5ab1b9cc-1a27c"
49 verbose lastModified Wed, 21 Mar 2018 1:47:56 GMT
50 http request GET https://registry.npmjs.org/chai
51 verbose request uri https://registry.npmjs.org/supertest
52 verbose request no auth needed
53 info attempt registry request try #1 at 2:58:34 AM
54 verbose etag "5ab21393-c296"
55 verbose lastModified Wed, 21 Mar 2018 8:10:59 GMT
56 http request GET https://registry.npmjs.org/supertest
57 verbose request uri https://registry.npmjs.org/mocha
58 verbose request no auth needed
59 info attempt registry request try #1 at 2:58:34 AM
60 verbose etag "5ab459ff-f3f72"
61 verbose lastModified Fri, 23 Mar 2018 1:35:59 GMT
62 http request GET https://registry.npmjs.org/mocha
63 http 304 https://registry.npmjs.org/dev
64 verbose headers { date: 'Tue, 27 Mar 2018 21:28:37 GMT',
64 verbose headers   via: '1.1 varnish',
64 verbose headers   'cache-control': 'max-age=300',
64 verbose headers   etag: '"5aabe7e0-2357"',
64 verbose headers   age: '91',
64 verbose headers   connection: 'keep-alive',
64 verbose headers   'x-served-by': 'cache-lcy19250-LCY',
64 verbose headers   'x-cache': 'HIT',
64 verbose headers   'x-cache-hits': '1',
64 verbose headers   'x-timer': 'S1522186117.316303,VS0,VE0',
64 verbose headers   vary: 'Accept-Encoding, Accept' }
65 silly get cb [ 304,
65 silly get   { date: 'Tue, 27 Mar 2018 21:28:37 GMT',
65 silly get     via: '1.1 varnish',
65 silly get     'cache-control': 'max-age=300',
65 silly get     etag: '"5aabe7e0-2357"',
65 silly get     age: '91',
65 silly get     connection: 'keep-alive',
65 silly get     'x-served-by': 'cache-lcy19250-LCY',
65 silly get     'x-cache': 'HIT',
65 silly get     'x-cache-hits': '1',
65 silly get     'x-timer': 'S1522186117.316303,VS0,VE0',
65 silly get     vary: 'Accept-Encoding, Accept' } ]
66 verbose etag https://registry.npmjs.org/dev from cache
67 verbose get saving dev to /home/pranjal/.npm/registry.npmjs.org/dev/.cache.json
68 http 304 https://registry.npmjs.org/supertest
69 verbose headers { date: 'Tue, 27 Mar 2018 21:28:37 GMT',
69 verbose headers   via: '1.1 varnish',
69 verbose headers   'cache-control': 'max-age=300',
69 verbose headers   etag: '"5ab21393-c296"',
69 verbose headers   age: '989',
69 verbose headers   connection: 'keep-alive',
69 verbose headers   'x-served-by': 'cache-lcy19243-LCY',
69 verbose headers   'x-cache': 'HIT',
69 verbose headers   'x-cache-hits': '1',
69 verbose headers   'x-timer': 'S1522186117.320337,VS0,VE0',
69 verbose headers   vary: 'Accept-Encoding, Accept' }
70 silly get cb [ 304,
70 silly get   { date: 'Tue, 27 Mar 2018 21:28:37 GMT',
70 silly get     via: '1.1 varnish',
70 silly get     'cache-control': 'max-age=300',
70 silly get     etag: '"5ab21393-c296"',
70 silly get     age: '989',
70 silly get     connection: 'keep-alive',
70 silly get     'x-served-by': 'cache-lcy19243-LCY',
70 silly get     'x-cache': 'HIT',
70 silly get     'x-cache-hits': '1',
70 silly get     'x-timer': 'S1522186117.320337,VS0,VE0',
70 silly get     vary: 'Accept-Encoding, Accept' } ]
71 verbose etag https://registry.npmjs.org/supertest from cache
72 verbose get saving supertest to /home/pranjal/.npm/registry.npmjs.org/supertest/.cache.json
73 http 304 https://registry.npmjs.org/chai
74 verbose headers { date: 'Tue, 27 Mar 2018 21:28:37 GMT',
74 verbose headers   via: '1.1 varnish',
74 verbose headers   'cache-control': 'max-age=300',
74 verbose headers   etag: '"5ab1b9cc-1a27c"',
74 verbose headers   age: '12137',
74 verbose headers   connection: 'keep-alive',
74 verbose headers   'x-served-by': 'cache-lcy19226-LCY',
74 verbose headers   'x-cache': 'HIT',
74 verbose headers   'x-cache-hits': '4',
74 verbose headers   'x-timer': 'S1522186117.322374,VS0,VE0',
74 verbose headers   vary: 'Accept-Encoding, Accept' }
75 silly get cb [ 304,
75 silly get   { date: 'Tue, 27 Mar 2018 21:28:37 GMT',
75 silly get     via: '1.1 varnish',
75 silly get     'cache-control': 'max-age=300',
75 silly get     etag: '"5ab1b9cc-1a27c"',
75 silly get     age: '12137',
75 silly get     connection: 'keep-alive',
75 silly get     'x-served-by': 'cache-lcy19226-LCY',
75 silly get     'x-cache': 'HIT',
75 silly get     'x-cache-hits': '4',
75 silly get     'x-timer': 'S1522186117.322374,VS0,VE0',
75 silly get     vary: 'Accept-Encoding, Accept' } ]
76 verbose etag https://registry.npmjs.org/chai from cache
77 verbose get saving chai to /home/pranjal/.npm/registry.npmjs.org/chai/.cache.json
78 http 304 https://registry.npmjs.org/mocha
79 verbose headers { date: 'Tue, 27 Mar 2018 21:28:37 GMT',
79 verbose headers   via: '1.1 varnish',
79 verbose headers   'cache-control': 'max-age=300',
79 verbose headers   etag: '"5ab459ff-f3f72"',
79 verbose headers   age: '12986',
79 verbose headers   connection: 'keep-alive',
79 verbose headers   'x-served-by': 'cache-lcy19251-LCY',
79 verbose headers   'x-cache': 'HIT',
79 verbose headers   'x-cache-hits': '17',
79 verbose headers   'x-timer': 'S1522186117.322149,VS0,VE0',
79 verbose headers   vary: 'Accept-Encoding, Accept' }
80 silly get cb [ 304,
80 silly get   { date: 'Tue, 27 Mar 2018 21:28:37 GMT',
80 silly get     via: '1.1 varnish',
80 silly get     'cache-control': 'max-age=300',
80 silly get     etag: '"5ab459ff-f3f72"',
80 silly get     age: '12986',
80 silly get     connection: 'keep-alive',
80 silly get     'x-served-by': 'cache-lcy19251-LCY',
80 silly get     'x-cache': 'HIT',
80 silly get     'x-cache-hits': '17',
80 silly get     'x-timer': 'S1522186117.322149,VS0,VE0',
80 silly get     vary: 'Accept-Encoding, Accept' } ]
81 verbose etag https://registry.npmjs.org/mocha from cache
82 verbose get saving mocha to /home/pranjal/.npm/registry.npmjs.org/mocha/.cache.json
83 silly rollbackFailedOptional Starting
84 silly rollbackFailedOptional Finishing
85 silly runTopLevelLifecycles Starting
86 silly runTopLevelLifecycles Finishing
87 silly install printInstalled
88 verbose stack Error: ENOENT: no such file or directory, open '/var/www/socialcops/-'
88 verbose stack     at Error (native)
89 verbose cwd /var/www/socialcops
90 error Linux 4.4.0-112-generic
91 error argv "/usr/bin/nodejs" "/usr/bin/npm" "install" "--save" "-" "dev" "mocha" "chai" "supertest"
92 error node v4.2.6
93 error npm  v3.5.2
94 error path /var/www/socialcops/-
95 error code ENOENT
96 error errno -2
97 error syscall open
98 error enoent ENOENT: no such file or directory, open '/var/www/socialcops/-'
99 error enoent ENOENT: no such file or directory, open '/var/www/socialcops/-'
99 error enoent This is most likely not a problem with npm itself
99 error enoent and is related to npm not being able to find a file.
100 verbose exit [ -2, true ]
